40ee8a 0 0 1 0 0 	L:0(3) G:0(1) C:0(1) P:0 T:1  HIST:aaa	N_HIST:555
40ee8a 0 0 1 0 0 	L:1(4) G:0(1) C:0(1) P:1 T:1  HIST:555	N_HIST:aab
40ee8a 0 0 1 0 0 	L:1(5) G:0(1) C:0(1) P:1 T:1  HIST:aab	N_HIST:557
40ee8a 0 0 1 0 0 	L:1(6) G:0(1) C:0(1) P:1 T:1  HIST:557	N_HIST:aaf
40ee8a 0 0 1 0 0 	L:1(7) G:0(1) C:0(1) P:1 T:1  HIST:aaf	N_HIST:55f
40ee8a 0 0 1 0 0 	L:1(7) G:0(1) C:0(1) P:1 T:1  HIST:55f	N_HIST:abf
40ee8a 0 0 1 0 0 	L:1(7) G:0(1) C:0(1) P:1 T:1  HIST:abf	N_HIST:57f
40ee8a 0 0 1 0 0 	L:1(7) G:0(1) C:0(1) P:1 T:1  HIST:57f	N_HIST:aff
40ee8a 0 0 1 0 0 	L:1(7) G:0(1) C:0(1) P:1 T:0  HIST:aff	N_HIST:1fe
40ee8a 0 0 1 0 0 	L:1(6) G:0(1) C:0(1) P:1 T:1  HIST:1fe	N_HIST:3fd
40ee8a 0 0 1 0 0 	L:1(7) G:0(1) C:0(1) P:1 T:0  HIST:3fd	N_HIST:3fa
40ee8a 0 0 1 0 0 	L:1(6) G:0(1) C:0(1) P:1 T:1  HIST:3fa	N_HIST:7f5
40ee8a 0 0 1 0 0 	L:1(7) G:0(1) C:0(1) P:1 T:0  HIST:7f5	N_HIST:3ea
40ee8a 0 0 1 0 0 	L:1(6) G:0(1) C:0(1) P:1 T:1  HIST:3ea	N_HIST:7d5
40ee8a 0 0 1 0 0 	L:1(7) G:0(1) C:0(1) P:1 T:0  HIST:7d5	N_HIST:3aa
40ee8a 0 0 1 0 0 	L:1(6) G:0(1) C:0(1) P:1 T:1  HIST:3aa	N_HIST:755
40ee8a 0 0 1 0 0 	L:1(7) G:0(1) C:0(1) P:1 T:0  HIST:755	N_HIST:2aa
40ee8a 0 0 1 0 0 	L:1(6) G:0(1) C:0(1) P:1 T:1  HIST:2aa	N_HIST:555
40ee8a 0 0 1 0 0 	L:1(7) G:1(2) C:0(0) P:1 T:0  HIST:555	N_HIST:2aa
40ee8a 0 0 1 0 0 	L:1(6) G:1(2) C:0(0) P:1 T:1  HIST:2aa	N_HIST:555
40ee8a 0 0 1 0 0 	L:1(7) G:0(1) C:0(0) P:1 T:0  HIST:555	N_HIST:2aa
40ee8a 0 0 1 0 0 	L:1(6) G:1(3) C:0(0) P:1 T:1  HIST:2aa	N_HIST:555
40ee8a 0 0 1 0 0 	L:1(7) G:0(0) C:0(1) P:1 T:0  HIST:555	N_HIST:2aa
40ee8a 0 0 1 0 0 	L:1(6) G:1(3) C:0(0) P:1 T:1  HIST:2aa	N_HIST:555
40ee8a 0 0 1 0 0 	L:1(7) G:0(0) C:1(2) P:0 T:0  HIST:555	N_HIST:2aa
40ee8a 0 0 1 0 0 	L:1(6) G:1(3) C:0(0) P:1 T:1  HIST:2aa	N_HIST:555
40ee8a 0 0 1 0 0 	L:1(7) G:0(0) C:1(3) P:0 T:0  HIST:555	N_HIST:2aa
40ee8a 0 0 1 0 0 	L:1(6) G:1(3) C:0(0) P:1 T:1  HIST:2aa	N_HIST:555
40ee8a 0 0 1 0 0 	L:1(7) G:0(0) C:1(3) P:0 T:0  HIST:555	N_HIST:2aa
40ee8a 0 0 1 0 0 	L:1(6) G:1(3) C:0(0) P:1 T:1  HIST:2aa	N_HIST:555
40ee8a 0 0 1 0 0 	L:1(7) G:0(0) C:1(3) P:0 T:0  HIST:555	N_HIST:2aa
40ee8a 0 0 1 0 0 	L:1(6) G:1(3) C:0(0) P:1 T:1  HIST:2aa	N_HIST:555
40ee8a 0 0 1 0 0 	L:1(7) G:0(0) C:1(3) P:0 T:0  HIST:555	N_HIST:2aa
40ee8a 0 0 1 0 0 	L:1(6) G:1(3) C:0(0) P:1 T:1  HIST:2aa	N_HIST:555


    ███        ▄█    █▄       ▄████████         ▄████████    ▄████████    ▄████████    ▄████████ 
▀█████████▄   ███    ███     ███    ███        ███    ███   ███    ███   ███    ███   ███    ███ 
   ▀███▀▀██   ███    ███     ███    █▀         ███    █▀    ███    █▀    ███    █▀    ███    ███ 
    ███   ▀  ▄███▄▄▄▄███▄▄  ▄███▄▄▄            ███         ▄███▄▄▄      ▄███▄▄▄      ▄███▄▄▄▄██▀ 
    ███     ▀▀███▀▀▀▀███▀  ▀▀███▀▀▀          ▀███████████ ▀▀███▀▀▀     ▀▀███▀▀▀     ▀▀███▀▀▀▀▀   
    ███       ███    ███     ███    █▄                ███   ███    █▄    ███    █▄  ▀███████████ 
    ███       ███    ███     ███    ███         ▄█    ███   ███    ███   ███    ███   ███    ███ 
   ▄████▀     ███    █▀      ██████████       ▄████████▀    ██████████   ██████████   ███    ███ 
                                                                                      ███    ███ 

total branches:			34
total correct predictions:	25
accuracy:			73%

