40ee8a 0 0 1 0 0 	L:0(3) G:0(1) C:0(1) P:0 T:0  HIST:aaa	N_HIST:154
40ee8a 0 0 1 0 0 	L:0(2) G:0(1) C:0(1) P:0 T:0  HIST:154	N_HIST:2a8
40ee8a 0 0 1 0 0 	L:0(1) G:0(1) C:0(1) P:0 T:0  HIST:2a8	N_HIST:150
40ee8a 0 0 1 0 0 	L:0(0) G:0(1) C:0(1) P:0 T:0  HIST:150	N_HIST:2a0
40ee8a 0 0 1 0 0 	L:0(0) G:0(1) C:0(1) P:0 T:0  HIST:2a0	N_HIST:140
40ee8a 0 0 1 0 0 	L:0(0) G:0(1) C:0(1) P:0 T:1  HIST:140	N_HIST:281
40ee8a 0 0 1 0 0 	L:0(1) G:0(1) C:0(1) P:0 T:0  HIST:281	N_HIST:102
40ee8a 0 0 1 0 0 	L:0(0) G:0(1) C:0(1) P:0 T:1  HIST:102	N_HIST:205
40ee8a 0 0 1 0 0 	L:0(1) G:0(1) C:0(1) P:0 T:0  HIST:205	N_HIST:a
40ee8a 0 0 1 0 0 	L:0(0) G:0(1) C:0(1) P:0 T:1  HIST:a	N_HIST:15
40ee8a 0 0 1 0 0 	L:0(1) G:0(1) C:0(1) P:0 T:0  HIST:15	N_HIST:2a
40ee8a 0 0 1 0 0 	L:0(0) G:0(1) C:0(1) P:0 T:1  HIST:2a	N_HIST:55
40ee8a 0 0 1 0 0 	L:0(1) G:0(1) C:0(1) P:0 T:0  HIST:55	N_HIST:aa
40ee8a 0 0 1 0 0 	L:0(0) G:0(1) C:0(1) P:0 T:1  HIST:aa	N_HIST:155
40ee8a 0 0 1 0 0 	L:0(1) G:0(1) C:0(1) P:0 T:0  HIST:155	N_HIST:2aa
40ee8a 0 0 1 0 0 	L:0(0) G:0(1) C:0(1) P:0 T:1  HIST:2aa	N_HIST:555
40ee8a 0 0 1 0 0 	L:0(1) G:0(1) C:0(1) P:0 T:0  HIST:555	N_HIST:2aa
40ee8a 0 0 1 0 0 	L:0(0) G:1(2) C:0(1) P:0 T:1  HIST:2aa	N_HIST:555
40ee8a 0 0 1 0 0 	L:0(1) G:0(0) C:0(1) P:0 T:0  HIST:555	N_HIST:2aa
40ee8a 0 0 1 0 0 	L:0(0) G:1(3) C:1(2) P:1 T:1  HIST:2aa	N_HIST:555
40ee8a 0 0 1 0 0 	L:0(1) G:0(0) C:0(1) P:0 T:0  HIST:555	N_HIST:2aa
40ee8a 0 0 1 0 0 	L:0(0) G:1(3) C:1(3) P:1 T:1  HIST:2aa	N_HIST:555
40ee8a 0 0 1 0 0 	L:0(1) G:0(0) C:0(1) P:0 T:0  HIST:555	N_HIST:2aa
40ee8a 0 0 1 0 0 	L:0(0) G:1(3) C:1(3) P:1 T:1  HIST:2aa	N_HIST:555
40ee8a 0 0 1 0 0 	L:0(1) G:0(0) C:0(1) P:0 T:0  HIST:555	N_HIST:2aa
40ee8a 0 0 1 0 0 	L:0(0) G:1(3) C:1(3) P:1 T:1  HIST:2aa	N_HIST:555
40ee8a 0 0 1 0 0 	L:0(1) G:0(0) C:0(1) P:0 T:0  HIST:555	N_HIST:2aa
40ee8a 0 0 1 0 0 	L:0(0) G:1(3) C:1(3) P:1 T:1  HIST:2aa	N_HIST:555


    ███        ▄█    █▄       ▄████████         ▄████████    ▄████████    ▄████████    ▄████████ 
▀█████████▄   ███    ███     ███    ███        ███    ███   ███    ███   ███    ███   ███    ███ 
   ▀███▀▀██   ███    ███     ███    █▀         ███    █▀    ███    █▀    ███    █▀    ███    ███ 
    ███   ▀  ▄███▄▄▄▄███▄▄  ▄███▄▄▄            ███         ▄███▄▄▄      ▄███▄▄▄      ▄███▄▄▄▄██▀ 
    ███     ▀▀███▀▀▀▀███▀  ▀▀███▀▀▀          ▀███████████ ▀▀███▀▀▀     ▀▀███▀▀▀     ▀▀███▀▀▀▀▀   
    ███       ███    ███     ███    █▄                ███   ███    █▄    ███    █▄  ▀███████████ 
    ███       ███    ███     ███    ███         ▄█    ███   ███    ███   ███    ███   ███    ███ 
   ▄████▀     ███    █▀      ██████████       ▄████████▀    ██████████   ██████████   ███    ███ 
                                                                                      ███    ███ 

total branches:			28
total correct predictions:	21
accuracy:			75%

