40ee8a 0 0 1 0 0 	L:1(4) G:1(2) C:1(2) P:1 T:1  HIST:aaa	N_HIST:1555
40ee8a 0 0 1 0 0 	L:1(5) G:1(2) C:1(2) P:1 T:0  HIST:1555	N_HIST:2aa
40ee8a 0 0 1 0 0 	L:1(4) G:1(2) C:1(2) P:1 T:1  HIST:2aa	N_HIST:555
40ee8a 0 0 1 0 0 	L:1(5) G:0(1) C:1(2) P:0 T:0  HIST:555	N_HIST:2aa
40ee8a 0 0 1 0 0 	L:1(4) G:1(3) C:1(2) P:1 T:1  HIST:2aa	N_HIST:555
40ee8a 0 0 1 0 0 	L:1(5) G:0(0) C:1(3) P:0 T:0  HIST:555	N_HIST:2aa
40ee8a 0 0 1 0 0 	L:1(4) G:1(3) C:1(2) P:1 T:1  HIST:2aa	N_HIST:555
40ee8a 0 0 1 0 0 	L:1(5) G:0(0) C:1(3) P:0 T:0  HIST:555	N_HIST:2aa
40ee8a 0 0 1 0 0 	L:1(4) G:1(3) C:1(2) P:1 T:1  HIST:2aa	N_HIST:555
40ee8a 0 0 1 0 0 	L:1(5) G:0(0) C:1(3) P:0 T:0  HIST:555	N_HIST:2aa


    ███        ▄█    █▄       ▄████████         ▄████████    ▄████████    ▄████████    ▄████████ 
▀█████████▄   ███    ███     ███    ███        ███    ███   ███    ███   ███    ███   ███    ███ 
   ▀███▀▀██   ███    ███     ███    █▀         ███    █▀    ███    █▀    ███    █▀    ███    ███ 
    ███   ▀  ▄███▄▄▄▄███▄▄  ▄███▄▄▄            ███         ▄███▄▄▄      ▄███▄▄▄      ▄███▄▄▄▄██▀ 
    ███     ▀▀███▀▀▀▀███▀  ▀▀███▀▀▀          ▀███████████ ▀▀███▀▀▀     ▀▀███▀▀▀     ▀▀███▀▀▀▀▀   
    ███       ███    ███     ███    █▄                ███   ███    █▄    ███    █▄  ▀███████████ 
    ███       ███    ███     ███    ███         ▄█    ███   ███    ███   ███    ███   ███    ███ 
   ▄████▀     ███    █▀      ██████████       ▄████████▀    ██████████   ██████████   ███    ███ 
                                                                                      ███    ███ 

total branches:			10
total correct predictions:	9
accuracy:			90%

