40ee8a 0 0 1 0 0 	L:1(4) G:1(2) C:1(2) P:1 T:0  HIST:aaa	N_HIST:154
40ee8a 0 0 1 0 0 	L:0(3) G:1(2) C:1(2) P:1 T:1  HIST:154	N_HIST:2a9
40ee8a 0 0 1 0 0 	L:1(4) G:1(2) C:1(2) P:1 T:0  HIST:2a9	N_HIST:152
40ee8a 0 0 1 0 0 	L:0(3) G:1(2) C:1(2) P:1 T:1  HIST:152	N_HIST:2a5
40ee8a 0 0 1 0 0 	L:1(4) G:1(2) C:1(2) P:1 T:0  HIST:2a5	N_HIST:14a
40ee8a 0 0 1 0 0 	L:0(3) G:1(2) C:1(2) P:1 T:1  HIST:14a	N_HIST:295
40ee8a 0 0 1 0 0 	L:1(4) G:1(2) C:1(2) P:1 T:0  HIST:295	N_HIST:12a
40ee8a 0 0 1 0 0 	L:0(3) G:1(2) C:1(2) P:1 T:1  HIST:12a	N_HIST:255
40ee8a 0 0 1 0 0 	L:1(4) G:1(2) C:1(2) P:1 T:0  HIST:255	N_HIST:aa
40ee8a 0 0 1 0 0 	L:0(3) G:1(2) C:1(2) P:1 T:1  HIST:aa	N_HIST:155
40ee8a 0 0 1 0 0 	L:1(4) G:1(2) C:1(2) P:1 T:0  HIST:155	N_HIST:2aa
40ee8a 0 0 1 0 0 	L:0(3) G:1(2) C:1(2) P:1 T:1  HIST:2aa	N_HIST:555
40ee8a 0 0 1 0 0 	L:1(4) G:1(2) C:1(2) P:1 T:0  HIST:555	N_HIST:2aa
40ee8a 0 0 1 0 0 	L:0(3) G:1(3) C:1(3) P:1 T:1  HIST:2aa	N_HIST:555
40ee8a 0 0 1 0 0 	L:1(4) G:0(1) C:1(2) P:0 T:0  HIST:555	N_HIST:2aa
40ee8a 0 0 1 0 0 	L:0(3) G:1(3) C:1(3) P:1 T:1  HIST:2aa	N_HIST:555
40ee8a 0 0 1 0 0 	L:1(4) G:0(0) C:1(3) P:0 T:0  HIST:555	N_HIST:2aa
40ee8a 0 0 1 0 0 	L:0(3) G:1(3) C:1(3) P:1 T:1  HIST:2aa	N_HIST:555
40ee8a 0 0 1 0 0 	L:1(4) G:0(0) C:1(3) P:0 T:0  HIST:555	N_HIST:2aa
40ee8a 0 0 1 0 0 	L:0(3) G:1(3) C:1(3) P:1 T:1  HIST:2aa	N_HIST:555


    ███        ▄█    █▄       ▄████████         ▄████████    ▄████████    ▄████████    ▄████████ 
▀█████████▄   ███    ███     ███    ███        ███    ███   ███    ███   ███    ███   ███    ███ 
   ▀███▀▀██   ███    ███     ███    █▀         ███    █▀    ███    █▀    ███    █▀    ███    ███ 
    ███   ▀  ▄███▄▄▄▄███▄▄  ▄███▄▄▄            ███         ▄███▄▄▄      ▄███▄▄▄      ▄███▄▄▄▄██▀ 
    ███     ▀▀███▀▀▀▀███▀  ▀▀███▀▀▀          ▀███████████ ▀▀███▀▀▀     ▀▀███▀▀▀     ▀▀███▀▀▀▀▀   
    ███       ███    ███     ███    █▄                ███   ███    █▄    ███    █▄  ▀███████████ 
    ███       ███    ███     ███    ███         ▄█    ███   ███    ███   ███    ███   ███    ███ 
   ▄████▀     ███    █▀      ██████████       ▄████████▀    ██████████   ██████████   ███    ███ 
                                                                                      ███    ███ 

total branches:			20
total correct predictions:	13
accuracy:			65%

