40ee8a 0 0 1 0 0 	L:1(4) G:1(2) C:1(2) P:1 T:1  HIST:aaa	N_HIST:1555
40ee8a 0 0 1 0 0 	L:1(5) G:1(2) C:1(2) P:1 T:1  HIST:1555	N_HIST:2aab
40ee8a 0 0 1 0 0 	L:1(6) G:1(2) C:1(2) P:1 T:1  HIST:2aab	N_HIST:5557
40ee8a 0 0 1 0 0 	L:1(7) G:1(2) C:1(2) P:1 T:0  HIST:5557	N_HIST:2ae
40ee8a 0 0 1 0 0 	L:1(6) G:1(2) C:1(2) P:1 T:0  HIST:2ae	N_HIST:15c
40ee8a 0 0 1 0 0 	L:1(5) G:1(2) C:1(2) P:1 T:0  HIST:15c	N_HIST:2b8
40ee8a 0 0 1 0 0 	L:1(4) G:1(2) C:1(2) P:1 T:0  HIST:2b8	N_HIST:170
40ee8a 0 0 1 0 0 	L:0(3) G:1(2) C:1(2) P:1 T:1  HIST:170	N_HIST:2e1
40ee8a 0 0 1 0 0 	L:1(4) G:1(2) C:1(2) P:1 T:1  HIST:2e1	N_HIST:5c3
40ee8a 0 0 1 0 0 	L:1(5) G:1(2) C:1(2) P:1 T:1  HIST:5c3	N_HIST:b87


    ███        ▄█    █▄       ▄████████         ▄████████    ▄████████    ▄████████    ▄████████ 
▀█████████▄   ███    ███     ███    ███        ███    ███   ███    ███   ███    ███   ███    ███ 
   ▀███▀▀██   ███    ███     ███    █▀         ███    █▀    ███    █▀    ███    █▀    ███    ███ 
    ███   ▀  ▄███▄▄▄▄███▄▄  ▄███▄▄▄            ███         ▄███▄▄▄      ▄███▄▄▄      ▄███▄▄▄▄██▀ 
    ███     ▀▀███▀▀▀▀███▀  ▀▀███▀▀▀          ▀███████████ ▀▀███▀▀▀     ▀▀███▀▀▀     ▀▀███▀▀▀▀▀   
    ███       ███    ███     ███    █▄                ███   ███    █▄    ███    █▄  ▀███████████ 
    ███       ███    ███     ███    ███         ▄█    ███   ███    ███   ███    ███   ███    ███ 
   ▄████▀     ███    █▀      ██████████       ▄████████▀    ██████████   ██████████   ███    ███ 
                                                                                      ███    ███ 

total branches:			10
total correct predictions:	6
accuracy:			60%

