40ee8a 0 0 1 0 0 	L:0 G:0 C:0 P:0 T:1
40ee8a 0 0 1 0 0 	L:0 G:0 C:0 P:0 T:1
40ee8a 0 0 1 0 0 	L:0 G:0 C:0 P:0 T:1
40ee8a 0 0 1 0 0 	L:0 G:0 C:0 P:0 T:1
40ee8a 0 0 1 0 0 	L:1 G:0 C:0 P:1 T:1
40ee8a 0 0 1 0 0 	L:1 G:0 C:0 P:1 T:1
40ee8a 0 0 1 0 0 	L:1 G:0 C:0 P:1 T:1
40ee8a 0 0 1 0 0 	L:1 G:0 C:0 P:1 T:1
40ee8a 0 0 1 0 0 	L:1 G:0 C:0 P:1 T:1
40ee8a 0 0 1 0 0 	L:1 G:0 C:0 P:1 T:1
40ee8a 0 0 1 0 0 	L:1 G:0 C:0 P:1 T:1
40ee8a 0 0 1 0 0 	L:1 G:0 C:0 P:1 T:1
40ee8a 0 0 1 0 0 	L:1 G:0 C:0 P:1 T:1
40ee8a 0 0 1 0 0 	L:1 G:0 C:0 P:1 T:1
40ee8a 0 0 1 0 0 	L:1 G:0 C:0 P:1 T:1
40ee8a 0 0 1 0 0 	L:1 G:0 C:0 P:1 T:1
40ee8a 0 0 1 0 0 	L:1 G:0 C:0 P:1 T:1
40ee8a 0 0 1 0 0 	L:1 G:0 C:0 P:1 T:1
40ee8a 0 0 1 0 0 	L:1 G:0 C:0 P:1 T:1
40ee8a 0 0 1 0 0 	L:1 G:0 C:0 P:1 T:1
40ee8a 0 0 1 0 0 	L:1 G:0 C:0 P:1 T:1
40ee8a 0 0 1 0 0 	L:1 G:0 C:0 P:1 T:1
40ee8a 0 0 1 0 0 	L:1 G:0 C:0 P:1 T:1
40ee8a 0 0 1 0 0 	L:1 G:0 C:0 P:1 T:1
40ee8a 0 0 1 0 0 	L:1 G:0 C:0 P:1 T:1
40ee8a 0 0 1 0 0 	L:1 G:0 C:0 P:1 T:1
40ee8a 0 0 1 0 0 	L:1 G:0 C:0 P:1 T:1
40ee8a 0 0 1 0 0 	L:1 G:0 C:0 P:1 T:1
40ee8a 0 0 1 0 0 	L:1 G:0 C:0 P:1 T:1
40ee8a 0 0 1 0 0 	L:1 G:0 C:0 P:1 T:1


    ███        ▄█    █▄       ▄████████         ▄████████    ▄████████    ▄████████    ▄████████ 
▀█████████▄   ███    ███     ███    ███        ███    ███   ███    ███   ███    ███   ███    ███ 
   ▀███▀▀██   ███    ███     ███    █▀         ███    █▀    ███    █▀    ███    █▀    ███    ███ 
    ███   ▀  ▄███▄▄▄▄███▄▄  ▄███▄▄▄            ███         ▄███▄▄▄      ▄███▄▄▄      ▄███▄▄▄▄██▀ 
    ███     ▀▀███▀▀▀▀███▀  ▀▀███▀▀▀          ▀███████████ ▀▀███▀▀▀     ▀▀███▀▀▀     ▀▀███▀▀▀▀▀   
    ███       ███    ███     ███    █▄                ███   ███    █▄    ███    █▄  ▀███████████ 
    ███       ███    ███     ███    ███         ▄█    ███   ███    ███   ███    ███   ███    ███ 
   ▄████▀     ███    █▀      ██████████       ▄████████▀    ██████████   ██████████   ███    ███ 
                                                                                      ███    ███ 

total branches:			30
total correct predictions:	26
accuracy:			86%

