40ee8a 0 0 1 0 0 	L:1(4) G:1(2) C:1(2) P:1 T:1
40ee8a 0 0 1 0 0 	L:1(5) G:1(2) C:1(2) P:1 T:1
40ee8a 0 0 1 0 0 	L:1(6) G:1(2) C:1(2) P:1 T:1
40ee8a 0 0 1 0 0 	L:1(7) G:1(2) C:1(2) P:1 T:1
40ee8a 0 0 1 0 0 	L:1(7) G:1(2) C:1(2) P:1 T:1
40ee8a 0 0 1 0 0 	L:1(7) G:1(2) C:1(2) P:1 T:1
40ee8a 0 0 1 0 0 	L:1(7) G:1(2) C:1(2) P:1 T:1
40ee8a 0 0 1 0 0 	L:1(7) G:1(2) C:1(2) P:1 T:1
40ee8a 0 0 1 0 0 	L:1(7) G:1(2) C:1(2) P:1 T:1
40ee8a 0 0 1 0 0 	L:1(7) G:1(2) C:1(2) P:1 T:1


    ███        ▄█    █▄       ▄████████         ▄████████    ▄████████    ▄████████    ▄████████ 
▀█████████▄   ███    ███     ███    ███        ███    ███   ███    ███   ███    ███   ███    ███ 
   ▀███▀▀██   ███    ███     ███    █▀         ███    █▀    ███    █▀    ███    █▀    ███    ███ 
    ███   ▀  ▄███▄▄▄▄███▄▄  ▄███▄▄▄            ███         ▄███▄▄▄      ▄███▄▄▄      ▄███▄▄▄▄██▀ 
    ███     ▀▀███▀▀▀▀███▀  ▀▀███▀▀▀          ▀███████████ ▀▀███▀▀▀     ▀▀███▀▀▀     ▀▀███▀▀▀▀▀   
    ███       ███    ███     ███    █▄                ███   ███    █▄    ███    █▄  ▀███████████ 
    ███       ███    ███     ███    ███         ▄█    ███   ███    ███   ███    ███   ███    ███ 
   ▄████▀     ███    █▀      ██████████       ▄████████▀    ██████████   ██████████   ███    ███ 
                                                                                      ███    ███ 

total branches:			10
total correct predictions:	10
accuracy:			100%

